2010-12-10 15:54:45,871 - Starting Apache Velocity v1.5 (compiled: 2007-02-22 08:52:29)
2010-12-10 15:54:45,871 - Default Properties File: org/apache/velocity/runtime/defaults/velocity.properties
2010-12-10 15:54:45,871 - Trying to use logger class org.apache.velocity.runtime.log.AvalonLogChute
2010-12-10 15:54:45,872 - Couldn't find class org.apache.velocity.runtime.log.AvalonLogChute or necessary supporting classes in classpath.
java.lang.NoClassDefFoundError: org/apache/log/format/Formatter
	at java.lang.Class.forName0(Native Method)
	at java.lang.Class.forName(Class.java:164)
	at org.apache.velocity.util.ClassUtils.getClass(ClassUtils.java:76)
	at org.apache.velocity.util.ClassUtils.getNewInstance(ClassUtils.java:95)
	at org.apache.velocity.runtime.log.LogManager.createLogChute(LogManager.java:147)
	at org.apache.velocity.runtime.log.LogManager.updateLog(LogManager.java:208)
	at org.apache.velocity.runtime.RuntimeInstance.initializeLog(RuntimeInstance.java:728)
	at org.apache.velocity.runtime.RuntimeInstance.init(RuntimeInstance.java:240)
	at org.apache.velocity.app.VelocityEngine.init(VelocityEngine.java:116)
	at org.apache.torque.task.TorqueDataModelTask.execute(TorqueDataModelTask.java:475)
	at org.apache.tools.ant.UnknownElement.execute(UnknownElement.java:291)
	at sun.reflect.NativeMethodAccessorImpl.invoke0(Native Method)
	at sun.reflect.NativeMethodAccessorImpl.invoke(NativeMethodAccessorImpl.java:39)
	at sun.reflect.DelegatingMethodAccessorImpl.invoke(DelegatingMethodAccessorImpl.java:25)
	at java.lang.reflect.Method.invoke(Method.java:592)
	at org.apache.tools.ant.dispatch.DispatchUtils.execute(DispatchUtils.java:106)
	at org.apache.tools.ant.Task.perform(Task.java:348)
	at org.apache.tools.ant.Target.execute(Target.java:390)
	at org.apache.tools.ant.Target.performTasks(Target.java:411)
	at org.apache.tools.ant.Project.executeSortedTargets(Project.java:1397)
	at org.apache.tools.ant.helper.SingleCheckExecutor.executeTargets(SingleCheckExecutor.java:38)
	at org.apache.tools.ant.Project.executeTargets(Project.java:1249)
	at org.apache.tools.ant.taskdefs.Ant.execute(Ant.java:442)
	at org.apache.tools.ant.taskdefs.CallTarget.execute(CallTarget.java:105)
	at org.apache.tools.ant.UnknownElement.execute(UnknownElement.java:291)
	at sun.reflect.GeneratedMethodAccessor4.invoke(Unknown Source)
	at sun.reflect.DelegatingMethodAccessorImpl.invoke(DelegatingMethodAccessorImpl.java:25)
	at java.lang.reflect.Method.invoke(Method.java:592)
	at org.apache.tools.ant.dispatch.DispatchUtils.execute(DispatchUtils.java:106)
	at org.apache.tools.ant.Task.perform(Task.java:348)
	at org.apache.tools.ant.Target.execute(Target.java:390)
	at org.apache.tools.ant.Target.performTasks(Target.java:411)
	at org.apache.tools.ant.Project.executeSortedTargets(Project.java:1397)
	at org.apache.tools.ant.helper.SingleCheckExecutor.executeTargets(SingleCheckExecutor.java:38)
	at org.apache.tools.ant.Project.executeTargets(Project.java:1249)
	at org.apache.tools.ant.taskdefs.Ant.execute(Ant.java:442)
	at org.apache.tools.ant.taskdefs.CallTarget.execute(CallTarget.java:105)
	at org.apache.tools.ant.UnknownElement.execute(UnknownElement.java:291)
	at sun.reflect.GeneratedMethodAccessor4.invoke(Unknown Source)
	at sun.reflect.DelegatingMethodAccessorImpl.invoke(DelegatingMethodAccessorImpl.java:25)
	at java.lang.reflect.Method.invoke(Method.java:592)
	at org.apache.tools.ant.dispatch.DispatchUtils.execute(DispatchUtils.java:106)
	at org.apache.tools.ant.Task.perform(Task.java:348)
	at org.apache.tools.ant.Target.execute(Target.java:390)
	at org.apache.tools.ant.Target.performTasks(Target.java:411)
	at org.apache.tools.ant.Project.executeSortedTargets(Project.java:1397)
	at org.apache.tools.ant.Project.executeTarget(Project.java:1366)
	at org.apache.tools.ant.helper.DefaultExecutor.executeTargets(DefaultExecutor.java:41)
	at org.apache.tools.ant.Project.executeTargets(Project.java:1249)
	at org.apache.tools.ant.Main.runBuild(Main.java:801)
	at org.apache.tools.ant.Main.startAnt(Main.java:218)
	at org.apache.tools.ant.launch.Launcher.run(Launcher.java:280)
	at org.apache.tools.ant.launch.Launcher.main(Launcher.java:109)
2010-12-10 15:54:45,879 - Trying to use logger class org.apache.velocity.runtime.log.Log4JLogChute
2010-12-10 15:54:45,879 - Using logger class org.apache.velocity.runtime.log.Log4JLogChute
2010-12-10 15:54:45,883 - Default ResourceManager initializing. (class org.apache.velocity.runtime.resource.ResourceManagerImpl)
2010-12-10 15:54:45,896 - ResourceCache: initialized (class org.apache.velocity.runtime.resource.ResourceCacheImpl)
2010-12-10 15:54:45,898 - Loaded System Directive: org.apache.velocity.runtime.directive.Literal
2010-12-10 15:54:45,899 - Loaded System Directive: org.apache.velocity.runtime.directive.Macro
2010-12-10 15:54:45,901 - Loaded System Directive: org.apache.velocity.runtime.directive.Parse
2010-12-10 15:54:45,903 - Loaded System Directive: org.apache.velocity.runtime.directive.Include
2010-12-10 15:54:45,904 - Loaded System Directive: org.apache.velocity.runtime.directive.Foreach
2010-12-10 15:54:45,972 - Created '20' parsers.
2010-12-10 15:54:45,983 - Velocimacro : "velocimacro.library" is not set.  Trying default library: VM_global_library.vm
2010-12-10 15:54:45,983 - Velocimacro : Default library not found.
2010-12-10 15:54:45,983 - Velocimacro : allowInline = true : VMs can be defined inline in templates
2010-12-10 15:54:45,984 - Velocimacro : allowInlineToOverride = false : VMs defined inline may NOT replace previous VM definitions
2010-12-10 15:54:45,985 - Velocimacro : allowInlineLocal = false : VMs defined inline will be global in scope if allowed.
2010-12-10 15:54:45,985 - Velocimacro : autoload off : VM system will not automatically reload global library macros
2010-12-10 15:54:46,110 - ResourceManager : found sql/base/Control.vm with loader org.apache.velocity.runtime.resource.ResourceCacheImpl
2010-12-10 15:54:46,147 - ResourceManager : found sql/base/mysql/table.vm with loader org.apache.velocity.runtime.resource.ResourceCacheImpl
2010-12-10 15:54:46,149 - ResourceManager : found sql/base/mysql/drop.vm with loader org.apache.velocity.runtime.resource.ResourceCacheImpl
2010-12-10 15:54:46,151 - ResourceManager : found sql/base/mysql/columns.vm with loader org.apache.velocity.runtime.resource.ResourceCacheImpl
2010-12-10 15:54:46,157 - ResourceManager : found sql/base/mysql/primarykey.vm with loader org.apache.velocity.runtime.resource.ResourceCacheImpl
2010-12-10 15:54:46,160 - ResourceManager : found sql/base/mysql/unique.vm with loader org.apache.velocity.runtime.resource.ResourceCacheImpl
2010-12-10 15:54:46,164 - ResourceManager : found sql/base/mysql/index.vm with loader org.apache.velocity.runtime.resource.ResourceCacheImpl
2010-12-10 15:54:46,175 - ResourceManager : found sql/base/mysql/table.vm with loader org.apache.velocity.runtime.resource.ResourceCacheImpl
2010-12-10 15:54:46,178 - ResourceManager : found sql/base/mysql/drop.vm with loader org.apache.velocity.runtime.resource.ResourceCacheImpl
2010-12-10 15:54:46,183 - ResourceManager : found sql/base/mysql/columns.vm with loader org.apache.velocity.runtime.resource.ResourceCacheImpl
2010-12-10 15:54:46,186 - ResourceManager : found sql/base/mysql/primarykey.vm with loader org.apache.velocity.runtime.resource.ResourceCacheImpl
2010-12-10 15:54:46,189 - ResourceManager : found sql/base/mysql/unique.vm with loader org.apache.velocity.runtime.resource.ResourceCacheImpl
2010-12-10 15:54:46,192 - ResourceManager : found sql/base/mysql/index.vm with loader org.apache.velocity.runtime.resource.ResourceCacheImpl
2010-12-10 15:54:46,213 - ResourceManager : found sql/base/mysql/table.vm with loader org.apache.velocity.runtime.resource.ResourceCacheImpl
2010-12-10 15:54:46,215 - ResourceManager : found sql/base/mysql/drop.vm with loader org.apache.velocity.runtime.resource.ResourceCacheImpl
2010-12-10 15:54:46,231 - ResourceManager : found sql/base/mysql/columns.vm with loader org.apache.velocity.runtime.resource.ResourceCacheImpl
2010-12-10 15:54:46,234 - ResourceManager : found sql/base/mysql/primarykey.vm with loader org.apache.velocity.runtime.resource.ResourceCacheImpl
2010-12-10 15:54:46,236 - ResourceManager : found sql/base/mysql/unique.vm with loader org.apache.velocity.runtime.resource.ResourceCacheImpl
2010-12-10 15:54:46,237 - ResourceManager : found sql/base/mysql/index.vm with loader org.apache.velocity.runtime.resource.ResourceCacheImpl
2010-12-10 15:54:46,242 - ResourceManager : found sql/base/mysql/table.vm with loader org.apache.velocity.runtime.resource.ResourceCacheImpl
2010-12-10 15:54:46,243 - ResourceManager : found sql/base/mysql/drop.vm with loader org.apache.velocity.runtime.resource.ResourceCacheImpl
2010-12-10 15:54:46,246 - ResourceManager : found sql/base/mysql/columns.vm with loader org.apache.velocity.runtime.resource.ResourceCacheImpl
2010-12-10 15:54:46,248 - ResourceManager : found sql/base/mysql/primarykey.vm with loader org.apache.velocity.runtime.resource.ResourceCacheImpl
2010-12-10 15:54:46,250 - ResourceManager : found sql/base/mysql/unique.vm with loader org.apache.velocity.runtime.resource.ResourceCacheImpl
2010-12-10 15:54:46,252 - ResourceManager : found sql/base/mysql/index.vm with loader org.apache.velocity.runtime.resource.ResourceCacheImpl
2010-12-10 15:54:46,258 - ResourceManager : found sql/base/mysql/table.vm with loader org.apache.velocity.runtime.resource.ResourceCacheImpl
2010-12-10 15:54:46,260 - ResourceManager : found sql/base/mysql/drop.vm with loader org.apache.velocity.runtime.resource.ResourceCacheImpl
2010-12-10 15:54:46,262 - ResourceManager : found sql/base/mysql/columns.vm with loader org.apache.velocity.runtime.resource.ResourceCacheImpl
2010-12-10 15:54:46,264 - ResourceManager : found sql/base/mysql/primarykey.vm with loader org.apache.velocity.runtime.resource.ResourceCacheImpl
2010-12-10 15:54:46,266 - ResourceManager : found sql/base/mysql/unique.vm with loader org.apache.velocity.runtime.resource.ResourceCacheImpl
2010-12-10 15:54:46,267 - ResourceManager : found sql/base/mysql/index.vm with loader org.apache.velocity.runtime.resource.ResourceCacheImpl
2010-12-10 15:54:46,269 - ResourceManager : found sql/base/mysql/tablefk.vm with loader org.apache.velocity.runtime.resource.ResourceCacheImpl
2010-12-10 15:54:46,273 - ResourceManager : found sql/base/mysql/foreignkey.vm with loader org.apache.velocity.runtime.resource.ResourceCacheImpl
2010-12-10 15:54:46,277 - ResourceManager : found sql/base/mysql/tablefk.vm with loader org.apache.velocity.runtime.resource.ResourceCacheImpl
2010-12-10 15:54:46,282 - ResourceManager : found sql/base/mysql/foreignkey.vm with loader org.apache.velocity.runtime.resource.ResourceCacheImpl
2010-12-10 15:54:46,283 - ResourceManager : found sql/base/mysql/tablefk.vm with loader org.apache.velocity.runtime.resource.ResourceCacheImpl
2010-12-10 15:54:46,285 - ResourceManager : found sql/base/mysql/foreignkey.vm with loader org.apache.velocity.runtime.resource.ResourceCacheImpl
2010-12-10 15:54:46,289 - ResourceManager : found sql/base/mysql/tablefk.vm with loader org.apache.velocity.runtime.resource.ResourceCacheImpl
2010-12-10 15:54:46,290 - ResourceManager : found sql/base/mysql/foreignkey.vm with loader org.apache.velocity.runtime.resource.ResourceCacheImpl
2010-12-10 15:54:46,292 - ResourceManager : found sql/base/mysql/tablefk.vm with loader org.apache.velocity.runtime.resource.ResourceCacheImpl
2010-12-10 15:54:46,294 - ResourceManager : found sql/base/mysql/foreignkey.vm with loader org.apache.velocity.runtime.resource.ResourceCacheImpl
2010-12-10 15:54:46,834 - Log4JLogChute initialized using file 'velocity.log'
2010-12-10 15:54:46,834 - Starting Apache Velocity v1.5 (compiled: 2007-02-22 08:52:29)
2010-12-10 15:54:46,834 - Default Properties File: org/apache/velocity/runtime/defaults/velocity.properties
2010-12-10 15:54:46,834 - Trying to use logger class org.apache.velocity.runtime.log.AvalonLogChute
2010-12-10 15:54:46,835 - Couldn't find class org.apache.velocity.runtime.log.AvalonLogChute or necessary supporting classes in classpath.
java.lang.NoClassDefFoundError: org/apache/log/format/Formatter
	at java.lang.Class.forName0(Native Method)
	at java.lang.Class.forName(Class.java:164)
	at org.apache.velocity.util.ClassUtils.getClass(ClassUtils.java:76)
	at org.apache.velocity.util.ClassUtils.getNewInstance(ClassUtils.java:95)
	at org.apache.velocity.runtime.log.LogManager.createLogChute(LogManager.java:147)
	at org.apache.velocity.runtime.log.LogManager.updateLog(LogManager.java:208)
	at org.apache.velocity.runtime.RuntimeInstance.initializeLog(RuntimeInstance.java:728)
	at org.apache.velocity.runtime.RuntimeInstance.init(RuntimeInstance.java:240)
	at org.apache.velocity.app.VelocityEngine.init(VelocityEngine.java:116)
	at org.apache.torque.task.TorqueDataModelTask.execute(TorqueDataModelTask.java:475)
	at org.apache.tools.ant.UnknownElement.execute(UnknownElement.java:291)
	at sun.reflect.GeneratedMethodAccessor15.invoke(Unknown Source)
	at sun.reflect.DelegatingMethodAccessorImpl.invoke(DelegatingMethodAccessorImpl.java:25)
	at java.lang.reflect.Method.invoke(Method.java:592)
	at org.apache.tools.ant.dispatch.DispatchUtils.execute(DispatchUtils.java:106)
	at org.apache.tools.ant.Task.perform(Task.java:348)
	at org.apache.tools.ant.Target.execute(Target.java:390)
	at org.apache.tools.ant.Target.performTasks(Target.java:411)
	at org.apache.tools.ant.Project.executeSortedTargets(Project.java:1397)
	at org.apache.tools.ant.helper.SingleCheckExecutor.executeTargets(SingleCheckExecutor.java:38)
	at org.apache.tools.ant.Project.executeTargets(Project.java:1249)
	at org.apache.tools.ant.taskdefs.Ant.execute(Ant.java:442)
	at org.apache.tools.ant.taskdefs.CallTarget.execute(CallTarget.java:105)
	at org.apache.tools.ant.UnknownElement.execute(UnknownElement.java:291)
	at sun.reflect.GeneratedMethodAccessor15.invoke(Unknown Source)
	at sun.reflect.DelegatingMethodAccessorImpl.invoke(DelegatingMethodAccessorImpl.java:25)
	at java.lang.reflect.Method.invoke(Method.java:592)
	at org.apache.tools.ant.dispatch.DispatchUtils.execute(DispatchUtils.java:106)
	at org.apache.tools.ant.Task.perform(Task.java:348)
	at org.apache.tools.ant.Target.execute(Target.java:390)
	at org.apache.tools.ant.Target.performTasks(Target.java:411)
	at org.apache.tools.ant.Project.executeSortedTargets(Project.java:1397)
	at org.apache.tools.ant.helper.SingleCheckExecutor.executeTargets(SingleCheckExecutor.java:38)
	at org.apache.tools.ant.Project.executeTargets(Project.java:1249)
	at org.apache.tools.ant.taskdefs.Ant.execute(Ant.java:442)
	at org.apache.tools.ant.taskdefs.CallTarget.execute(CallTarget.java:105)
	at org.apache.tools.ant.UnknownElement.execute(UnknownElement.java:291)
	at sun.reflect.NativeMethodAccessorImpl.invoke0(Native Method)
	at sun.reflect.NativeMethodAccessorImpl.invoke(NativeMethodAccessorImpl.java:39)
	at sun.reflect.DelegatingMethodAccessorImpl.invoke(DelegatingMethodAccessorImpl.java:25)
	at java.lang.reflect.Method.invoke(Method.java:592)
	at org.apache.tools.ant.dispatch.DispatchUtils.execute(DispatchUtils.java:106)
	at org.apache.tools.ant.Task.perform(Task.java:348)
	at org.apache.tools.ant.Target.execute(Target.java:390)
	at org.apache.tools.ant.Target.performTasks(Target.java:411)
	at org.apache.tools.ant.Project.executeSortedTargets(Project.java:1397)
	at org.apache.tools.ant.Project.executeTarget(Project.java:1366)
	at org.apache.tools.ant.helper.DefaultExecutor.executeTargets(DefaultExecutor.java:41)
	at org.apache.tools.ant.Project.executeTargets(Project.java:1249)
	at org.apache.tools.ant.Main.runBuild(Main.java:801)
	at org.apache.tools.ant.Main.startAnt(Main.java:218)
	at org.apache.tools.ant.launch.Launcher.run(Launcher.java:280)
	at org.apache.tools.ant.launch.Launcher.main(Launcher.java:109)
2010-12-10 15:54:46,836 - Trying to use logger class org.apache.velocity.runtime.log.Log4JLogChute
2010-12-10 15:54:46,836 - Using logger class org.apache.velocity.runtime.log.Log4JLogChute
2010-12-10 15:54:46,839 - Default ResourceManager initializing. (class org.apache.velocity.runtime.resource.ResourceManagerImpl)
2010-12-10 15:54:46,851 - ResourceCache: initialized (class org.apache.velocity.runtime.resource.ResourceCacheImpl)
2010-12-10 15:54:46,852 - Loaded System Directive: org.apache.velocity.runtime.directive.Literal
2010-12-10 15:54:46,854 - Loaded System Directive: org.apache.velocity.runtime.directive.Macro
2010-12-10 15:54:46,856 - Loaded System Directive: org.apache.velocity.runtime.directive.Parse
2010-12-10 15:54:46,858 - Loaded System Directive: org.apache.velocity.runtime.directive.Include
2010-12-10 15:54:46,859 - Loaded System Directive: org.apache.velocity.runtime.directive.Foreach
2010-12-10 15:54:46,900 - Created '20' parsers.
2010-12-10 15:54:46,955 - Velocimacro : "velocimacro.library" is not set.  Trying default library: VM_global_library.vm
2010-12-10 15:54:46,955 - Velocimacro : Default library not found.
2010-12-10 15:54:46,955 - Velocimacro : allowInline = true : VMs can be defined inline in templates
2010-12-10 15:54:46,955 - Velocimacro : allowInlineToOverride = false : VMs defined inline may NOT replace previous VM definitions
2010-12-10 15:54:46,955 - Velocimacro : allowInlineLocal = false : VMs defined inline will be global in scope if allowed.
2010-12-10 15:54:46,955 - Velocimacro : autoload off : VM system will not automatically reload global library macros
2010-12-10 15:54:47,089 - ResourceManager : found om/Control.vm with loader org.apache.velocity.runtime.resource.ResourceCacheImpl
2010-12-10 15:54:47,109 - RHS of #set statement is null. Context will not be modified. om/Control.vm [line 105, column 1]
2010-12-10 15:54:47,110 - RHS of #set statement is null. Context will not be modified. om/Control.vm [line 105, column 1]
2010-12-10 15:54:47,110 - RHS of #set statement is null. Context will not be modified. om/Control.vm [line 105, column 1]
2010-12-10 15:54:47,110 - RHS of #set statement is null. Context will not be modified. om/Control.vm [line 105, column 1]
2010-12-10 15:54:47,110 - RHS of #set statement is null. Context will not be modified. om/Control.vm [line 105, column 1]
2010-12-10 15:54:47,118 - Log4JLogChute initialized using file 'velocity.log'
2010-12-10 15:54:47,118 - Log4JLogChute initialized using file 'velocity.log'
2010-12-10 15:54:47,118 - Starting Apache Velocity v1.5 (compiled: 2007-02-22 08:52:29)
2010-12-10 15:54:47,118 - Starting Apache Velocity v1.5 (compiled: 2007-02-22 08:52:29)
2010-12-10 15:54:47,118 - Default Properties File: org/apache/velocity/runtime/defaults/velocity.properties
2010-12-10 15:54:47,118 - Default Properties File: org/apache/velocity/runtime/defaults/velocity.properties
2010-12-10 15:54:47,118 - Trying to use logger class org.apache.velocity.runtime.log.AvalonLogChute
2010-12-10 15:54:47,118 - Trying to use logger class org.apache.velocity.runtime.log.AvalonLogChute
2010-12-10 15:54:47,118 - Couldn't find class org.apache.velocity.runtime.log.AvalonLogChute or necessary supporting classes in classpath.
java.lang.NoClassDefFoundError: org/apache/log/format/Formatter
	at java.lang.Class.forName0(Native Method)
	at java.lang.Class.forName(Class.java:164)
	at org.apache.velocity.util.ClassUtils.getClass(ClassUtils.java:76)
	at org.apache.velocity.util.ClassUtils.getNewInstance(ClassUtils.java:95)
	at org.apache.velocity.runtime.log.LogManager.createLogChute(LogManager.java:147)
	at org.apache.velocity.runtime.log.LogManager.updateLog(LogManager.java:208)
	at org.apache.velocity.runtime.RuntimeInstance.initializeLog(RuntimeInstance.java:728)
	at org.apache.velocity.runtime.RuntimeInstance.init(RuntimeInstance.java:240)
	at org.apache.velocity.app.VelocityEngine.init(VelocityEngine.java:116)
	at org.apache.torque.task.TorqueDataModelTask.execute(TorqueDataModelTask.java:475)
	at org.apache.tools.ant.UnknownElement.execute(UnknownElement.java:291)
	at sun.reflect.GeneratedMethodAccessor15.invoke(Unknown Source)
	at sun.reflect.DelegatingMethodAccessorImpl.invoke(DelegatingMethodAccessorImpl.java:25)
	at java.lang.reflect.Method.invoke(Method.java:592)
	at org.apache.tools.ant.dispatch.DispatchUtils.execute(DispatchUtils.java:106)
	at org.apache.tools.ant.Task.perform(Task.java:348)
	at org.apache.tools.ant.Target.execute(Target.java:390)
	at org.apache.tools.ant.Target.performTasks(Target.java:411)
	at org.apache.tools.ant.Project.executeSortedTargets(Project.java:1397)
	at org.apache.tools.ant.helper.SingleCheckExecutor.executeTargets(SingleCheckExecutor.java:38)
	at org.apache.tools.ant.Project.executeTargets(Project.java:1249)
	at org.apache.tools.ant.taskdefs.Ant.execute(Ant.java:442)
	at org.apache.tools.ant.taskdefs.CallTarget.execute(CallTarget.java:105)
	at org.apache.tools.ant.UnknownElement.execute(UnknownElement.java:291)
	at sun.reflect.GeneratedMethodAccessor15.invoke(Unknown Source)
	at sun.reflect.DelegatingMethodAccessorImpl.invoke(DelegatingMethodAccessorImpl.java:25)
	at java.lang.reflect.Method.invoke(Method.java:592)
	at org.apache.tools.ant.dispatch.DispatchUtils.execute(DispatchUtils.java:106)
	at org.apache.tools.ant.Task.perform(Task.java:348)
	at org.apache.tools.ant.Target.execute(Target.java:390)
	at org.apache.tools.ant.Target.performTasks(Target.java:411)
	at org.apache.tools.ant.Project.executeSortedTargets(Project.java:1397)
	at org.apache.tools.ant.helper.SingleCheckExecutor.executeTargets(SingleCheckExecutor.java:38)
	at org.apache.tools.ant.Project.executeTargets(Project.java:1249)
	at org.apache.tools.ant.taskdefs.Ant.execute(Ant.java:442)
	at org.apache.tools.ant.taskdefs.CallTarget.execute(CallTarget.java:105)
	at org.apache.tools.ant.UnknownElement.execute(UnknownElement.java:291)
	at sun.reflect.NativeMethodAccessorImpl.invoke0(Native Method)
	at sun.reflect.NativeMethodAccessorImpl.invoke(NativeMethodAccessorImpl.java:39)
	at sun.reflect.DelegatingMethodAccessorImpl.invoke(DelegatingMethodAccessorImpl.java:25)
	at java.lang.reflect.Method.invoke(Method.java:592)
	at org.apache.tools.ant.dispatch.DispatchUtils.execute(DispatchUtils.java:106)
	at org.apache.tools.ant.Task.perform(Task.java:348)
	at org.apache.tools.ant.Target.execute(Target.java:390)
	at org.apache.tools.ant.Target.performTasks(Target.java:411)
	at org.apache.tools.ant.Project.executeSortedTargets(Project.java:1397)
	at org.apache.tools.ant.Project.executeTarget(Project.java:1366)
	at org.apache.tools.ant.helper.DefaultExecutor.executeTargets(DefaultExecutor.java:41)
	at org.apache.tools.ant.Project.executeTargets(Project.java:1249)
	at org.apache.tools.ant.Main.runBuild(Main.java:801)
	at org.apache.tools.ant.Main.startAnt(Main.java:218)
	at org.apache.tools.ant.launch.Launcher.run(Launcher.java:280)
	at org.apache.tools.ant.launch.Launcher.main(Launcher.java:109)
2010-12-10 15:54:47,118 - Couldn't find class org.apache.velocity.runtime.log.AvalonLogChute or necessary supporting classes in classpath.
java.lang.NoClassDefFoundError: org/apache/log/format/Formatter
	at java.lang.Class.forName0(Native Method)
	at java.lang.Class.forName(Class.java:164)
	at org.apache.velocity.util.ClassUtils.getClass(ClassUtils.java:76)
	at org.apache.velocity.util.ClassUtils.getNewInstance(ClassUtils.java:95)
	at org.apache.velocity.runtime.log.LogManager.createLogChute(LogManager.java:147)
	at org.apache.velocity.runtime.log.LogManager.updateLog(LogManager.java:208)
	at org.apache.velocity.runtime.RuntimeInstance.initializeLog(RuntimeInstance.java:728)
	at org.apache.velocity.runtime.RuntimeInstance.init(RuntimeInstance.java:240)
	at org.apache.velocity.app.VelocityEngine.init(VelocityEngine.java:116)
	at org.apache.torque.task.TorqueDataModelTask.execute(TorqueDataModelTask.java:475)
	at org.apache.tools.ant.UnknownElement.execute(UnknownElement.java:291)
	at sun.reflect.GeneratedMethodAccessor15.invoke(Unknown Source)
	at sun.reflect.DelegatingMethodAccessorImpl.invoke(DelegatingMethodAccessorImpl.java:25)
	at java.lang.reflect.Method.invoke(Method.java:592)
	at org.apache.tools.ant.dispatch.DispatchUtils.execute(DispatchUtils.java:106)
	at org.apache.tools.ant.Task.perform(Task.java:348)
	at org.apache.tools.ant.Target.execute(Target.java:390)
	at org.apache.tools.ant.Target.performTasks(Target.java:411)
	at org.apache.tools.ant.Project.executeSortedTargets(Project.java:1397)
	at org.apache.tools.ant.helper.SingleCheckExecutor.executeTargets(SingleCheckExecutor.java:38)
	at org.apache.tools.ant.Project.executeTargets(Project.java:1249)
	at org.apache.tools.ant.taskdefs.Ant.execute(Ant.java:442)
	at org.apache.tools.ant.taskdefs.CallTarget.execute(CallTarget.java:105)
	at org.apache.tools.ant.UnknownElement.execute(UnknownElement.java:291)
	at sun.reflect.GeneratedMethodAccessor15.invoke(Unknown Source)
	at sun.reflect.DelegatingMethodAccessorImpl.invoke(DelegatingMethodAccessorImpl.java:25)
	at java.lang.reflect.Method.invoke(Method.java:592)
	at org.apache.tools.ant.dispatch.DispatchUtils.execute(DispatchUtils.java:106)
	at org.apache.tools.ant.Task.perform(Task.java:348)
	at org.apache.tools.ant.Target.execute(Target.java:390)
	at org.apache.tools.ant.Target.performTasks(Target.java:411)
	at org.apache.tools.ant.Project.executeSortedTargets(Project.java:1397)
	at org.apache.tools.ant.helper.SingleCheckExecutor.executeTargets(SingleCheckExecutor.java:38)
	at org.apache.tools.ant.Project.executeTargets(Project.java:1249)
	at org.apache.tools.ant.taskdefs.Ant.execute(Ant.java:442)
	at org.apache.tools.ant.taskdefs.CallTarget.execute(CallTarget.java:105)
	at org.apache.tools.ant.UnknownElement.execute(UnknownElement.java:291)
	at sun.reflect.NativeMethodAccessorImpl.invoke0(Native Method)
	at sun.reflect.NativeMethodAccessorImpl.invoke(NativeMethodAccessorImpl.java:39)
	at sun.reflect.DelegatingMethodAccessorImpl.invoke(DelegatingMethodAccessorImpl.java:25)
	at java.lang.reflect.Method.invoke(Method.java:592)
	at org.apache.tools.ant.dispatch.DispatchUtils.execute(DispatchUtils.java:106)
	at org.apache.tools.ant.Task.perform(Task.java:348)
	at org.apache.tools.ant.Target.execute(Target.java:390)
	at org.apache.tools.ant.Target.performTasks(Target.java:411)
	at org.apache.tools.ant.Project.executeSortedTargets(Project.java:1397)
	at org.apache.tools.ant.Project.executeTarget(Project.java:1366)
	at org.apache.tools.ant.helper.DefaultExecutor.executeTargets(DefaultExecutor.java:41)
	at org.apache.tools.ant.Project.executeTargets(Project.java:1249)
	at org.apache.tools.ant.Main.runBuild(Main.java:801)
	at org.apache.tools.ant.Main.startAnt(Main.java:218)
	at org.apache.tools.ant.launch.Launcher.run(Launcher.java:280)
	at org.apache.tools.ant.launch.Launcher.main(Launcher.java:109)
2010-12-10 15:54:47,119 - Trying to use logger class org.apache.velocity.runtime.log.Log4JLogChute
2010-12-10 15:54:47,119 - Trying to use logger class org.apache.velocity.runtime.log.Log4JLogChute
2010-12-10 15:54:47,119 - Using logger class org.apache.velocity.runtime.log.Log4JLogChute
2010-12-10 15:54:47,119 - Using logger class org.apache.velocity.runtime.log.Log4JLogChute
2010-12-10 15:54:47,119 - Default ResourceManager initializing. (class org.apache.velocity.runtime.resource.ResourceManagerImpl)
2010-12-10 15:54:47,119 - Default ResourceManager initializing. (class org.apache.velocity.runtime.resource.ResourceManagerImpl)
2010-12-10 15:54:47,119 - ResourceCache: initialized (class org.apache.velocity.runtime.resource.ResourceCacheImpl)
2010-12-10 15:54:47,119 - ResourceCache: initialized (class org.apache.velocity.runtime.resource.ResourceCacheImpl)
2010-12-10 15:54:47,120 - Loaded System Directive: org.apache.velocity.runtime.directive.Literal
2010-12-10 15:54:47,120 - Loaded System Directive: org.apache.velocity.runtime.directive.Literal
2010-12-10 15:54:47,120 - Loaded System Directive: org.apache.velocity.runtime.directive.Macro
2010-12-10 15:54:47,120 - Loaded System Directive: org.apache.velocity.runtime.directive.Macro
2010-12-10 15:54:47,120 - Loaded System Directive: org.apache.velocity.runtime.directive.Parse
2010-12-10 15:54:47,120 - Loaded System Directive: org.apache.velocity.runtime.directive.Parse
2010-12-10 15:54:47,120 - Loaded System Directive: org.apache.velocity.runtime.directive.Include
2010-12-10 15:54:47,120 - Loaded System Directive: org.apache.velocity.runtime.directive.Include
2010-12-10 15:54:47,121 - Loaded System Directive: org.apache.velocity.runtime.directive.Foreach
2010-12-10 15:54:47,121 - Loaded System Directive: org.apache.velocity.runtime.directive.Foreach
2010-12-10 15:54:47,127 - Created '20' parsers.
2010-12-10 15:54:47,127 - Created '20' parsers.
2010-12-10 15:54:47,127 - Velocimacro : "velocimacro.library" is not set.  Trying default library: VM_global_library.vm
2010-12-10 15:54:47,127 - Velocimacro : "velocimacro.library" is not set.  Trying default library: VM_global_library.vm
2010-12-10 15:54:47,127 - Velocimacro : Default library not found.
2010-12-10 15:54:47,127 - Velocimacro : Default library not found.
2010-12-10 15:54:47,128 - Velocimacro : allowInline = true : VMs can be defined inline in templates
2010-12-10 15:54:47,128 - Velocimacro : allowInline = true : VMs can be defined inline in templates
2010-12-10 15:54:47,128 - Velocimacro : allowInlineToOverride = false : VMs defined inline may NOT replace previous VM definitions
2010-12-10 15:54:47,128 - Velocimacro : allowInlineToOverride = false : VMs defined inline may NOT replace previous VM definitions
2010-12-10 15:54:47,128 - Velocimacro : allowInlineLocal = false : VMs defined inline will be global in scope if allowed.
2010-12-10 15:54:47,128 - Velocimacro : allowInlineLocal = false : VMs defined inline will be global in scope if allowed.
2010-12-10 15:54:47,128 - Velocimacro : autoload off : VM system will not automatically reload global library macros
2010-12-10 15:54:47,128 - Velocimacro : autoload off : VM system will not automatically reload global library macros
2010-12-10 15:54:47,179 - ResourceManager : found om/ControlBase.vm with loader org.apache.velocity.runtime.resource.ResourceCacheImpl
2010-12-10 15:54:47,179 - ResourceManager : found om/ControlBase.vm with loader org.apache.velocity.runtime.resource.ResourceCacheImpl
2010-12-10 15:54:47,251 - ResourceManager : found om/Peer.vm with loader org.apache.velocity.runtime.resource.ResourceCacheImpl
2010-12-10 15:54:47,251 - ResourceManager : found om/Peer.vm with loader org.apache.velocity.runtime.resource.ResourceCacheImpl
2010-12-10 15:54:47,274 - ResourceManager : found om/MapBuilder.vm with loader org.apache.velocity.runtime.resource.ResourceCacheImpl
2010-12-10 15:54:47,274 - ResourceManager : found om/MapBuilder.vm with loader org.apache.velocity.runtime.resource.ResourceCacheImpl
2010-12-10 15:54:47,394 - ResourceManager : found om/Object.vm with loader org.apache.velocity.runtime.resource.ResourceCacheImpl
2010-12-10 15:54:47,394 - ResourceManager : found om/Object.vm with loader org.apache.velocity.runtime.resource.ResourceCacheImpl
2010-12-10 15:54:47,406 - RHS of #set statement is null. Context will not be modified. om/Object.vm [line 1901, column 1]
2010-12-10 15:54:47,406 - RHS of #set statement is null. Context will not be modified. om/Object.vm [line 1901, column 1]
2010-12-10 15:54:47,407 - RHS of #set statement is null. Context will not be modified. om/Object.vm [line 1986, column 1]
2010-12-10 15:54:47,407 - RHS of #set statement is null. Context will not be modified. om/Object.vm [line 1986, column 1]
2010-12-10 15:54:47,441 - ResourceManager : found om/Peer.vm with loader org.apache.velocity.runtime.resource.ResourceCacheImpl
2010-12-10 15:54:47,441 - ResourceManager : found om/Peer.vm with loader org.apache.velocity.runtime.resource.ResourceCacheImpl
2010-12-10 15:54:47,456 - ResourceManager : found om/MapBuilder.vm with loader org.apache.velocity.runtime.resource.ResourceCacheImpl
2010-12-10 15:54:47,456 - ResourceManager : found om/MapBuilder.vm with loader org.apache.velocity.runtime.resource.ResourceCacheImpl
2010-12-10 15:54:47,523 - ResourceManager : found om/Object.vm with loader org.apache.velocity.runtime.resource.ResourceCacheImpl
2010-12-10 15:54:47,523 - ResourceManager : found om/Object.vm with loader org.apache.velocity.runtime.resource.ResourceCacheImpl
2010-12-10 15:54:47,531 - RHS of #set statement is null. Context will not be modified. om/Object.vm [line 1901, column 1]
2010-12-10 15:54:47,531 - RHS of #set statement is null. Context will not be modified. om/Object.vm [line 1901, column 1]
2010-12-10 15:54:47,532 - RHS of #set statement is null. Context will not be modified. om/Object.vm [line 1986, column 1]
2010-12-10 15:54:47,532 - RHS of #set statement is null. Context will not be modified. om/Object.vm [line 1986, column 1]
2010-12-10 15:54:47,565 - ResourceManager : found om/Peer.vm with loader org.apache.velocity.runtime.resource.ResourceCacheImpl
2010-12-10 15:54:47,565 - ResourceManager : found om/Peer.vm with loader org.apache.velocity.runtime.resource.ResourceCacheImpl
2010-12-10 15:54:47,577 - ResourceManager : found om/MapBuilder.vm with loader org.apache.velocity.runtime.resource.ResourceCacheImpl
2010-12-10 15:54:47,577 - ResourceManager : found om/MapBuilder.vm with loader org.apache.velocity.runtime.resource.ResourceCacheImpl
2010-12-10 15:54:47,632 - ResourceManager : found om/Object.vm with loader org.apache.velocity.runtime.resource.ResourceCacheImpl
2010-12-10 15:54:47,632 - ResourceManager : found om/Object.vm with loader org.apache.velocity.runtime.resource.ResourceCacheImpl
2010-12-10 15:54:47,636 - RHS of #set statement is null. Context will not be modified. om/Object.vm [line 365, column 1]
2010-12-10 15:54:47,636 - RHS of #set statement is null. Context will not be modified. om/Object.vm [line 365, column 1]
2010-12-10 15:54:47,639 - RHS of #set statement is null. Context will not be modified. om/Object.vm [line 365, column 1]
2010-12-10 15:54:47,639 - RHS of #set statement is null. Context will not be modified. om/Object.vm [line 365, column 1]
2010-12-10 15:54:47,647 - RHS of #set statement is null. Context will not be modified. om/Object.vm [line 1901, column 1]
2010-12-10 15:54:47,647 - RHS of #set statement is null. Context will not be modified. om/Object.vm [line 1901, column 1]
2010-12-10 15:54:47,647 - RHS of #set statement is null. Context will not be modified. om/Object.vm [line 1986, column 1]
2010-12-10 15:54:47,647 - RHS of #set statement is null. Context will not be modified. om/Object.vm [line 1986, column 1]
2010-12-10 15:54:47,678 - ResourceManager : found om/Peer.vm with loader org.apache.velocity.runtime.resource.ResourceCacheImpl
2010-12-10 15:54:47,678 - ResourceManager : found om/Peer.vm with loader org.apache.velocity.runtime.resource.ResourceCacheImpl
2010-12-10 15:54:47,688 - ResourceManager : found om/MapBuilder.vm with loader org.apache.velocity.runtime.resource.ResourceCacheImpl
2010-12-10 15:54:47,688 - ResourceManager : found om/MapBuilder.vm with loader org.apache.velocity.runtime.resource.ResourceCacheImpl
2010-12-10 15:54:47,832 - ResourceManager : found om/Object.vm with loader org.apache.velocity.runtime.resource.ResourceCacheImpl
2010-12-10 15:54:47,832 - ResourceManager : found om/Object.vm with loader org.apache.velocity.runtime.resource.ResourceCacheImpl
2010-12-10 15:54:47,840 - RHS of #set statement is null. Context will not be modified. om/Object.vm [line 1901, column 1]
2010-12-10 15:54:47,840 - RHS of #set statement is null. Context will not be modified. om/Object.vm [line 1901, column 1]
2010-12-10 15:54:47,840 - RHS of #set statement is null. Context will not be modified. om/Object.vm [line 1986, column 1]
2010-12-10 15:54:47,840 - RHS of #set statement is null. Context will not be modified. om/Object.vm [line 1986, column 1]
2010-12-10 15:54:47,875 - ResourceManager : found om/Peer.vm with loader org.apache.velocity.runtime.resource.ResourceCacheImpl
2010-12-10 15:54:47,875 - ResourceManager : found om/Peer.vm with loader org.apache.velocity.runtime.resource.ResourceCacheImpl
2010-12-10 15:54:47,887 - ResourceManager : found om/MapBuilder.vm with loader org.apache.velocity.runtime.resource.ResourceCacheImpl
2010-12-10 15:54:47,887 - ResourceManager : found om/MapBuilder.vm with loader org.apache.velocity.runtime.resource.ResourceCacheImpl
2010-12-10 15:54:47,939 - ResourceManager : found om/Object.vm with loader org.apache.velocity.runtime.resource.ResourceCacheImpl
2010-12-10 15:54:47,939 - ResourceManager : found om/Object.vm with loader org.apache.velocity.runtime.resource.ResourceCacheImpl
2010-12-10 15:54:47,940 - RHS of #set statement is null. Context will not be modified. om/Object.vm [line 365, column 1]
2010-12-10 15:54:47,940 - RHS of #set statement is null. Context will not be modified. om/Object.vm [line 365, column 1]
2010-12-10 15:54:47,941 - RHS of #set statement is null. Context will not be modified. om/Object.vm [line 365, column 1]
2010-12-10 15:54:47,941 - RHS of #set statement is null. Context will not be modified. om/Object.vm [line 365, column 1]
2010-12-10 15:54:47,943 - RHS of #set statement is null. Context will not be modified. om/Object.vm [line 1901, column 1]
2010-12-10 15:54:47,943 - RHS of #set statement is null. Context will not be modified. om/Object.vm [line 1901, column 1]
2010-12-10 15:54:47,943 - RHS of #set statement is null. Context will not be modified. om/Object.vm [line 1901, column 1]
2010-12-10 15:54:47,943 - RHS of #set statement is null. Context will not be modified. om/Object.vm [line 1901, column 1]
2010-12-10 15:54:47,946 - RHS of #set statement is null. Context will not be modified. om/Object.vm [line 1986, column 1]
2010-12-10 15:54:47,946 - RHS of #set statement is null. Context will not be modified. om/Object.vm [line 1986, column 1]
2010-12-10 15:54:47,946 - RHS of #set statement is null. Context will not be modified. om/Object.vm [line 1986, column 1]
2010-12-10 15:54:47,946 - RHS of #set statement is null. Context will not be modified. om/Object.vm [line 1986, column 1]
2010-12-10 15:54:47,948 - ResourceManager : found om/DatabaseMapInit.vm with loader org.apache.velocity.runtime.resource.ResourceCacheImpl
2010-12-10 15:54:47,948 - ResourceManager : found om/DatabaseMapInit.vm with loader org.apache.velocity.runtime.resource.ResourceCacheImpl
2010-12-10 15:55:47,392 - Log4JLogChute initialized using file 'velocity.log'
2010-12-10 15:55:47,393 - Starting Apache Velocity v1.5 (compiled: 2007-02-22 08:52:29)
2010-12-10 15:55:47,393 - Default Properties File: org/apache/velocity/runtime/defaults/velocity.properties
2010-12-10 15:55:47,393 - Trying to use logger class org.apache.velocity.runtime.log.AvalonLogChute
2010-12-10 15:55:47,394 - Couldn't find class org.apache.velocity.runtime.log.AvalonLogChute or necessary supporting classes in classpath.
java.lang.NoClassDefFoundError: org/apache/log/format/Formatter
	at java.lang.Class.forName0(Native Method)
	at java.lang.Class.forName(Class.java:164)
	at org.apache.velocity.util.ClassUtils.getClass(ClassUtils.java:76)
	at org.apache.velocity.util.ClassUtils.getNewInstance(ClassUtils.java:95)
	at org.apache.velocity.runtime.log.LogManager.createLogChute(LogManager.java:147)
	at org.apache.velocity.runtime.log.LogManager.updateLog(LogManager.java:208)
	at org.apache.velocity.runtime.RuntimeInstance.initializeLog(RuntimeInstance.java:728)
	at org.apache.velocity.runtime.RuntimeInstance.init(RuntimeInstance.java:240)
	at org.apache.velocity.app.VelocityEngine.init(VelocityEngine.java:116)
	at org.apache.torque.task.TorqueDataModelTask.execute(TorqueDataModelTask.java:475)
	at org.apache.tools.ant.UnknownElement.execute(UnknownElement.java:291)
	at sun.reflect.GeneratedMethodAccessor4.invoke(Unknown Source)
	at sun.reflect.DelegatingMethodAccessorImpl.invoke(DelegatingMethodAccessorImpl.java:25)
	at java.lang.reflect.Method.invoke(Method.java:592)
	at org.apache.tools.ant.dispatch.DispatchUtils.execute(DispatchUtils.java:106)
	at org.apache.tools.ant.Task.perform(Task.java:348)
	at org.apache.tools.ant.Target.execute(Target.java:390)
	at org.apache.tools.ant.Target.performTasks(Target.java:411)
	at org.apache.tools.ant.Project.executeSortedTargets(Project.java:1397)
	at org.apache.tools.ant.Project.executeTarget(Project.java:1366)
	at org.apache.tools.ant.helper.DefaultExecutor.executeTargets(DefaultExecutor.java:41)
	at org.apache.tools.ant.Project.executeTargets(Project.java:1249)
	at org.apache.tools.ant.Main.runBuild(Main.java:801)
	at org.apache.tools.ant.Main.startAnt(Main.java:218)
	at org.apache.tools.ant.launch.Launcher.run(Launcher.java:280)
	at org.apache.tools.ant.launch.Launcher.main(Launcher.java:109)
2010-12-10 15:55:47,400 - Trying to use logger class org.apache.velocity.runtime.log.Log4JLogChute
2010-12-10 15:55:47,400 - Using logger class org.apache.velocity.runtime.log.Log4JLogChute
2010-12-10 15:55:47,403 - Default ResourceManager initializing. (class org.apache.velocity.runtime.resource.ResourceManagerImpl)
2010-12-10 15:55:47,404 - Do unicode file recognition:  false
2010-12-10 15:55:47,405 - FileResourceLoader : adding path '/Users/fbm/Cours/3LP/TC4/workspace/aideProjet2/torque-gen-3.3/templates'
2010-12-10 15:55:47,420 - ResourceCache: initialized (class org.apache.velocity.runtime.resource.ResourceCacheImpl)
2010-12-10 15:55:47,425 - Loaded System Directive: org.apache.velocity.runtime.directive.Literal
2010-12-10 15:55:47,427 - Loaded System Directive: org.apache.velocity.runtime.directive.Macro
2010-12-10 15:55:47,428 - Loaded System Directive: org.apache.velocity.runtime.directive.Parse
2010-12-10 15:55:47,430 - Loaded System Directive: org.apache.velocity.runtime.directive.Include
2010-12-10 15:55:47,431 - Loaded System Directive: org.apache.velocity.runtime.directive.Foreach
2010-12-10 15:55:47,495 - Created '20' parsers.
2010-12-10 15:55:47,506 - Velocimacro : "velocimacro.library" is not set.  Trying default library: VM_global_library.vm
2010-12-10 15:55:47,507 - Velocimacro : Default library not found.
2010-12-10 15:55:47,507 - Velocimacro : allowInline = true : VMs can be defined inline in templates
2010-12-10 15:55:47,507 - Velocimacro : allowInlineToOverride = false : VMs defined inline may NOT replace previous VM definitions
2010-12-10 15:55:47,507 - Velocimacro : allowInlineLocal = false : VMs defined inline will be global in scope if allowed.
2010-12-10 15:55:47,507 - Velocimacro : autoload off : VM system will not automatically reload global library macros
2010-12-10 15:55:47,646 - ResourceManager : found sql/db-init/Control.vm with loader org.apache.velocity.runtime.resource.ResourceCacheImpl
2010-12-10 15:55:47,670 - ResourceManager : found sql/db-init/mysql/createdb.vm with loader org.apache.velocity.runtime.resource.ResourceCacheImpl
2010-12-10 16:15:08,068 - Log4JLogChute initialized using file 'velocity.log'
2010-12-10 16:15:08,068 - Starting Apache Velocity v1.5 (compiled: 2007-02-22 08:52:29)
2010-12-10 16:15:08,068 - Default Properties File: org/apache/velocity/runtime/defaults/velocity.properties
2010-12-10 16:15:08,068 - Trying to use logger class org.apache.velocity.runtime.log.AvalonLogChute
2010-12-10 16:15:08,069 - Couldn't find class org.apache.velocity.runtime.log.AvalonLogChute or necessary supporting classes in classpath.
java.lang.NoClassDefFoundError: org/apache/log/format/Formatter
	at java.lang.Class.forName0(Native Method)
	at java.lang.Class.forName(Class.java:164)
	at org.apache.velocity.util.ClassUtils.getClass(ClassUtils.java:76)
	at org.apache.velocity.util.ClassUtils.getNewInstance(ClassUtils.java:95)
	at org.apache.velocity.runtime.log.LogManager.createLogChute(LogManager.java:147)
	at org.apache.velocity.runtime.log.LogManager.updateLog(LogManager.java:208)
	at org.apache.velocity.runtime.RuntimeInstance.initializeLog(RuntimeInstance.java:728)
	at org.apache.velocity.runtime.RuntimeInstance.init(RuntimeInstance.java:240)
	at org.apache.velocity.app.VelocityEngine.init(VelocityEngine.java:116)
	at org.apache.torque.task.TorqueDataModelTask.execute(TorqueDataModelTask.java:475)
	at org.apache.tools.ant.UnknownElement.execute(UnknownElement.java:291)
	at sun.reflect.NativeMethodAccessorImpl.invoke0(Native Method)
	at sun.reflect.NativeMethodAccessorImpl.invoke(NativeMethodAccessorImpl.java:39)
	at sun.reflect.DelegatingMethodAccessorImpl.invoke(DelegatingMethodAccessorImpl.java:25)
	at java.lang.reflect.Method.invoke(Method.java:592)
	at org.apache.tools.ant.dispatch.DispatchUtils.execute(DispatchUtils.java:106)
	at org.apache.tools.ant.Task.perform(Task.java:348)
	at org.apache.tools.ant.Target.execute(Target.java:390)
	at org.apache.tools.ant.Target.performTasks(Target.java:411)
	at org.apache.tools.ant.Project.executeSortedTargets(Project.java:1397)
	at org.apache.tools.ant.helper.SingleCheckExecutor.executeTargets(SingleCheckExecutor.java:38)
	at org.apache.tools.ant.Project.executeTargets(Project.java:1249)
	at org.apache.tools.ant.taskdefs.Ant.execute(Ant.java:442)
	at org.apache.tools.ant.taskdefs.CallTarget.execute(CallTarget.java:105)
	at org.apache.tools.ant.UnknownElement.execute(UnknownElement.java:291)
	at sun.reflect.GeneratedMethodAccessor4.invoke(Unknown Source)
	at sun.reflect.DelegatingMethodAccessorImpl.invoke(DelegatingMethodAccessorImpl.java:25)
	at java.lang.reflect.Method.invoke(Method.java:592)
	at org.apache.tools.ant.dispatch.DispatchUtils.execute(DispatchUtils.java:106)
	at org.apache.tools.ant.Task.perform(Task.java:348)
	at org.apache.tools.ant.Target.execute(Target.java:390)
	at org.apache.tools.ant.Target.performTasks(Target.java:411)
	at org.apache.tools.ant.Project.executeSortedTargets(Project.java:1397)
	at org.apache.tools.ant.helper.SingleCheckExecutor.executeTargets(SingleCheckExecutor.java:38)
	at org.apache.tools.ant.Project.executeTargets(Project.java:1249)
	at org.apache.tools.ant.taskdefs.Ant.execute(Ant.java:442)
	at org.apache.tools.ant.taskdefs.CallTarget.execute(CallTarget.java:105)
	at org.apache.tools.ant.UnknownElement.execute(UnknownElement.java:291)
	at sun.reflect.GeneratedMethodAccessor4.invoke(Unknown Source)
	at sun.reflect.DelegatingMethodAccessorImpl.invoke(DelegatingMethodAccessorImpl.java:25)
	at java.lang.reflect.Method.invoke(Method.java:592)
	at org.apache.tools.ant.dispatch.DispatchUtils.execute(DispatchUtils.java:106)
	at org.apache.tools.ant.Task.perform(Task.java:348)
	at org.apache.tools.ant.Target.execute(Target.java:390)
	at org.apache.tools.ant.Target.performTasks(Target.java:411)
	at org.apache.tools.ant.Project.executeSortedTargets(Project.java:1397)
	at org.apache.tools.ant.Project.executeTarget(Project.java:1366)
	at org.apache.tools.ant.helper.DefaultExecutor.executeTargets(DefaultExecutor.java:41)
	at org.apache.tools.ant.Project.executeTargets(Project.java:1249)
	at org.apache.tools.ant.Main.runBuild(Main.java:801)
	at org.apache.tools.ant.Main.startAnt(Main.java:218)
	at org.apache.tools.ant.launch.Launcher.run(Launcher.java:280)
	at org.apache.tools.ant.launch.Launcher.main(Launcher.java:109)
2010-12-10 16:15:08,076 - Trying to use logger class org.apache.velocity.runtime.log.Log4JLogChute
2010-12-10 16:15:08,076 - Using logger class org.apache.velocity.runtime.log.Log4JLogChute
2010-12-10 16:15:08,078 - Default ResourceManager initializing. (class org.apache.velocity.runtime.resource.ResourceManagerImpl)
2010-12-10 16:15:08,091 - ResourceCache: initialized (class org.apache.velocity.runtime.resource.ResourceCacheImpl)
2010-12-10 16:15:08,093 - Loaded System Directive: org.apache.velocity.runtime.directive.Literal
2010-12-10 16:15:08,095 - Loaded System Directive: org.apache.velocity.runtime.directive.Macro
2010-12-10 16:15:08,096 - Loaded System Directive: org.apache.velocity.runtime.directive.Parse
2010-12-10 16:15:08,098 - Loaded System Directive: org.apache.velocity.runtime.directive.Include
2010-12-10 16:15:08,099 - Loaded System Directive: org.apache.velocity.runtime.directive.Foreach
2010-12-10 16:15:08,167 - Created '20' parsers.
2010-12-10 16:15:08,178 - Velocimacro : "velocimacro.library" is not set.  Trying default library: VM_global_library.vm
2010-12-10 16:15:08,178 - Velocimacro : Default library not found.
2010-12-10 16:15:08,178 - Velocimacro : allowInline = true : VMs can be defined inline in templates
2010-12-10 16:15:08,179 - Velocimacro : allowInlineToOverride = false : VMs defined inline may NOT replace previous VM definitions
2010-12-10 16:15:08,179 - Velocimacro : allowInlineLocal = false : VMs defined inline will be global in scope if allowed.
2010-12-10 16:15:08,180 - Velocimacro : autoload off : VM system will not automatically reload global library macros
2010-12-10 16:15:08,302 - ResourceManager : found sql/base/Control.vm with loader org.apache.velocity.runtime.resource.ResourceCacheImpl
2010-12-10 16:15:08,337 - ResourceManager : found sql/base/mysql/table.vm with loader org.apache.velocity.runtime.resource.ResourceCacheImpl
2010-12-10 16:15:08,340 - ResourceManager : found sql/base/mysql/drop.vm with loader org.apache.velocity.runtime.resource.ResourceCacheImpl
2010-12-10 16:15:08,342 - ResourceManager : found sql/base/mysql/columns.vm with loader org.apache.velocity.runtime.resource.ResourceCacheImpl
2010-12-10 16:15:08,348 - ResourceManager : found sql/base/mysql/primarykey.vm with loader org.apache.velocity.runtime.resource.ResourceCacheImpl
2010-12-10 16:15:08,350 - ResourceManager : found sql/base/mysql/unique.vm with loader org.apache.velocity.runtime.resource.ResourceCacheImpl
2010-12-10 16:15:08,355 - ResourceManager : found sql/base/mysql/index.vm with loader org.apache.velocity.runtime.resource.ResourceCacheImpl
2010-12-10 16:15:08,366 - ResourceManager : found sql/base/mysql/table.vm with loader org.apache.velocity.runtime.resource.ResourceCacheImpl
2010-12-10 16:15:08,368 - ResourceManager : found sql/base/mysql/drop.vm with loader org.apache.velocity.runtime.resource.ResourceCacheImpl
2010-12-10 16:15:08,374 - ResourceManager : found sql/base/mysql/columns.vm with loader org.apache.velocity.runtime.resource.ResourceCacheImpl
2010-12-10 16:15:08,376 - ResourceManager : found sql/base/mysql/primarykey.vm with loader org.apache.velocity.runtime.resource.ResourceCacheImpl
2010-12-10 16:15:08,380 - ResourceManager : found sql/base/mysql/unique.vm with loader org.apache.velocity.runtime.resource.ResourceCacheImpl
2010-12-10 16:15:08,383 - ResourceManager : found sql/base/mysql/index.vm with loader org.apache.velocity.runtime.resource.ResourceCacheImpl
2010-12-10 16:15:08,403 - ResourceManager : found sql/base/mysql/table.vm with loader org.apache.velocity.runtime.resource.ResourceCacheImpl
2010-12-10 16:15:08,405 - ResourceManager : found sql/base/mysql/drop.vm with loader org.apache.velocity.runtime.resource.ResourceCacheImpl
2010-12-10 16:15:08,421 - ResourceManager : found sql/base/mysql/columns.vm with loader org.apache.velocity.runtime.resource.ResourceCacheImpl
2010-12-10 16:15:08,424 - ResourceManager : found sql/base/mysql/primarykey.vm with loader org.apache.velocity.runtime.resource.ResourceCacheImpl
2010-12-10 16:15:08,426 - ResourceManager : found sql/base/mysql/unique.vm with loader org.apache.velocity.runtime.resource.ResourceCacheImpl
2010-12-10 16:15:08,427 - ResourceManager : found sql/base/mysql/index.vm with loader org.apache.velocity.runtime.resource.ResourceCacheImpl
2010-12-10 16:15:08,432 - ResourceManager : found sql/base/mysql/table.vm with loader org.apache.velocity.runtime.resource.ResourceCacheImpl
2010-12-10 16:15:08,433 - ResourceManager : found sql/base/mysql/drop.vm with loader org.apache.velocity.runtime.resource.ResourceCacheImpl
2010-12-10 16:15:08,436 - ResourceManager : found sql/base/mysql/columns.vm with loader org.apache.velocity.runtime.resource.ResourceCacheImpl
2010-12-10 16:15:08,438 - ResourceManager : found sql/base/mysql/primarykey.vm with loader org.apache.velocity.runtime.resource.ResourceCacheImpl
2010-12-10 16:15:08,439 - ResourceManager : found sql/base/mysql/unique.vm with loader org.apache.velocity.runtime.resource.ResourceCacheImpl
2010-12-10 16:15:08,442 - ResourceManager : found sql/base/mysql/index.vm with loader org.apache.velocity.runtime.resource.ResourceCacheImpl
2010-12-10 16:15:08,447 - ResourceManager : found sql/base/mysql/table.vm with loader org.apache.velocity.runtime.resource.ResourceCacheImpl
2010-12-10 16:15:08,450 - ResourceManager : found sql/base/mysql/drop.vm with loader org.apache.velocity.runtime.resource.ResourceCacheImpl
2010-12-10 16:15:08,452 - ResourceManager : found sql/base/mysql/columns.vm with loader org.apache.velocity.runtime.resource.ResourceCacheImpl
2010-12-10 16:15:08,453 - ResourceManager : found sql/base/mysql/primarykey.vm with loader org.apache.velocity.runtime.resource.ResourceCacheImpl
2010-12-10 16:15:08,455 - ResourceManager : found sql/base/mysql/unique.vm with loader org.apache.velocity.runtime.resource.ResourceCacheImpl
2010-12-10 16:15:08,457 - ResourceManager : found sql/base/mysql/index.vm with loader org.apache.velocity.runtime.resource.ResourceCacheImpl
2010-12-10 16:15:08,459 - ResourceManager : found sql/base/mysql/tablefk.vm with loader org.apache.velocity.runtime.resource.ResourceCacheImpl
2010-12-10 16:15:08,463 - ResourceManager : found sql/base/mysql/foreignkey.vm with loader org.apache.velocity.runtime.resource.ResourceCacheImpl
2010-12-10 16:15:08,467 - ResourceManager : found sql/base/mysql/tablefk.vm with loader org.apache.velocity.runtime.resource.ResourceCacheImpl
2010-12-10 16:15:08,471 - ResourceManager : found sql/base/mysql/foreignkey.vm with loader org.apache.velocity.runtime.resource.ResourceCacheImpl
2010-12-10 16:15:08,473 - ResourceManager : found sql/base/mysql/tablefk.vm with loader org.apache.velocity.runtime.resource.ResourceCacheImpl
2010-12-10 16:15:08,474 - ResourceManager : found sql/base/mysql/foreignkey.vm with loader org.apache.velocity.runtime.resource.ResourceCacheImpl
2010-12-10 16:15:08,479 - ResourceManager : found sql/base/mysql/tablefk.vm with loader org.apache.velocity.runtime.resource.ResourceCacheImpl
2010-12-10 16:15:08,480 - ResourceManager : found sql/base/mysql/foreignkey.vm with loader org.apache.velocity.runtime.resource.ResourceCacheImpl
2010-12-10 16:15:08,482 - ResourceManager : found sql/base/mysql/tablefk.vm with loader org.apache.velocity.runtime.resource.ResourceCacheImpl
2010-12-10 16:15:08,484 - ResourceManager : found sql/base/mysql/foreignkey.vm with loader org.apache.velocity.runtime.resource.ResourceCacheImpl
2010-12-10 16:15:08,984 - Log4JLogChute initialized using file 'velocity.log'
2010-12-10 16:15:08,984 - Starting Apache Velocity v1.5 (compiled: 2007-02-22 08:52:29)
2010-12-10 16:15:08,984 - Default Properties File: org/apache/velocity/runtime/defaults/velocity.properties
2010-12-10 16:15:08,984 - Trying to use logger class org.apache.velocity.runtime.log.AvalonLogChute
2010-12-10 16:15:08,985 - Couldn't find class org.apache.velocity.runtime.log.AvalonLogChute or necessary supporting classes in classpath.
java.lang.NoClassDefFoundError: org/apache/log/format/Formatter
	at java.lang.Class.forName0(Native Method)
	at java.lang.Class.forName(Class.java:164)
	at org.apache.velocity.util.ClassUtils.getClass(ClassUtils.java:76)
	at org.apache.velocity.util.ClassUtils.getNewInstance(ClassUtils.java:95)
	at org.apache.velocity.runtime.log.LogManager.createLogChute(LogManager.java:147)
	at org.apache.velocity.runtime.log.LogManager.updateLog(LogManager.java:208)
	at org.apache.velocity.runtime.RuntimeInstance.initializeLog(RuntimeInstance.java:728)
	at org.apache.velocity.runtime.RuntimeInstance.init(RuntimeInstance.java:240)
	at org.apache.velocity.app.VelocityEngine.init(VelocityEngine.java:116)
	at org.apache.torque.task.TorqueDataModelTask.execute(TorqueDataModelTask.java:475)
	at org.apache.tools.ant.UnknownElement.execute(UnknownElement.java:291)
	at sun.reflect.GeneratedMethodAccessor15.invoke(Unknown Source)
	at sun.reflect.DelegatingMethodAccessorImpl.invoke(DelegatingMethodAccessorImpl.java:25)
	at java.lang.reflect.Method.invoke(Method.java:592)
	at org.apache.tools.ant.dispatch.DispatchUtils.execute(DispatchUtils.java:106)
	at org.apache.tools.ant.Task.perform(Task.java:348)
	at org.apache.tools.ant.Target.execute(Target.java:390)
	at org.apache.tools.ant.Target.performTasks(Target.java:411)
	at org.apache.tools.ant.Project.executeSortedTargets(Project.java:1397)
	at org.apache.tools.ant.helper.SingleCheckExecutor.executeTargets(SingleCheckExecutor.java:38)
	at org.apache.tools.ant.Project.executeTargets(Project.java:1249)
	at org.apache.tools.ant.taskdefs.Ant.execute(Ant.java:442)
	at org.apache.tools.ant.taskdefs.CallTarget.execute(CallTarget.java:105)
	at org.apache.tools.ant.UnknownElement.execute(UnknownElement.java:291)
	at sun.reflect.GeneratedMethodAccessor15.invoke(Unknown Source)
	at sun.reflect.DelegatingMethodAccessorImpl.invoke(DelegatingMethodAccessorImpl.java:25)
	at java.lang.reflect.Method.invoke(Method.java:592)
	at org.apache.tools.ant.dispatch.DispatchUtils.execute(DispatchUtils.java:106)
	at org.apache.tools.ant.Task.perform(Task.java:348)
	at org.apache.tools.ant.Target.execute(Target.java:390)
	at org.apache.tools.ant.Target.performTasks(Target.java:411)
	at org.apache.tools.ant.Project.executeSortedTargets(Project.java:1397)
	at org.apache.tools.ant.helper.SingleCheckExecutor.executeTargets(SingleCheckExecutor.java:38)
	at org.apache.tools.ant.Project.executeTargets(Project.java:1249)
	at org.apache.tools.ant.taskdefs.Ant.execute(Ant.java:442)
	at org.apache.tools.ant.taskdefs.CallTarget.execute(CallTarget.java:105)
	at org.apache.tools.ant.UnknownElement.execute(UnknownElement.java:291)
	at sun.reflect.NativeMethodAccessorImpl.invoke0(Native Method)
	at sun.reflect.NativeMethodAccessorImpl.invoke(NativeMethodAccessorImpl.java:39)
	at sun.reflect.DelegatingMethodAccessorImpl.invoke(DelegatingMethodAccessorImpl.java:25)
	at java.lang.reflect.Method.invoke(Method.java:592)
	at org.apache.tools.ant.dispatch.DispatchUtils.execute(DispatchUtils.java:106)
	at org.apache.tools.ant.Task.perform(Task.java:348)
	at org.apache.tools.ant.Target.execute(Target.java:390)
	at org.apache.tools.ant.Target.performTasks(Target.java:411)
	at org.apache.tools.ant.Project.executeSortedTargets(Project.java:1397)
	at org.apache.tools.ant.Project.executeTarget(Project.java:1366)
	at org.apache.tools.ant.helper.DefaultExecutor.executeTargets(DefaultExecutor.java:41)
	at org.apache.tools.ant.Project.executeTargets(Project.java:1249)
	at org.apache.tools.ant.Main.runBuild(Main.java:801)
	at org.apache.tools.ant.Main.startAnt(Main.java:218)
	at org.apache.tools.ant.launch.Launcher.run(Launcher.java:280)
	at org.apache.tools.ant.launch.Launcher.main(Launcher.java:109)
2010-12-10 16:15:08,987 - Trying to use logger class org.apache.velocity.runtime.log.Log4JLogChute
2010-12-10 16:15:08,987 - Using logger class org.apache.velocity.runtime.log.Log4JLogChute
2010-12-10 16:15:08,989 - Default ResourceManager initializing. (class org.apache.velocity.runtime.resource.ResourceManagerImpl)
2010-12-10 16:15:09,001 - ResourceCache: initialized (class org.apache.velocity.runtime.resource.ResourceCacheImpl)
2010-12-10 16:15:09,002 - Loaded System Directive: org.apache.velocity.runtime.directive.Literal
2010-12-10 16:15:09,004 - Loaded System Directive: org.apache.velocity.runtime.directive.Macro
2010-12-10 16:15:09,006 - Loaded System Directive: org.apache.velocity.runtime.directive.Parse
2010-12-10 16:15:09,007 - Loaded System Directive: org.apache.velocity.runtime.directive.Include
2010-12-10 16:15:09,009 - Loaded System Directive: org.apache.velocity.runtime.directive.Foreach
2010-12-10 16:15:09,044 - Created '20' parsers.
2010-12-10 16:15:09,097 - Velocimacro : "velocimacro.library" is not set.  Trying default library: VM_global_library.vm
2010-12-10 16:15:09,098 - Velocimacro : Default library not found.
2010-12-10 16:15:09,098 - Velocimacro : allowInline = true : VMs can be defined inline in templates
2010-12-10 16:15:09,098 - Velocimacro : allowInlineToOverride = false : VMs defined inline may NOT replace previous VM definitions
2010-12-10 16:15:09,098 - Velocimacro : allowInlineLocal = false : VMs defined inline will be global in scope if allowed.
2010-12-10 16:15:09,098 - Velocimacro : autoload off : VM system will not automatically reload global library macros
2010-12-10 16:15:09,224 - ResourceManager : found om/Control.vm with loader org.apache.velocity.runtime.resource.ResourceCacheImpl
2010-12-10 16:15:09,244 - RHS of #set statement is null. Context will not be modified. om/Control.vm [line 105, column 1]
2010-12-10 16:15:09,245 - RHS of #set statement is null. Context will not be modified. om/Control.vm [line 105, column 1]
2010-12-10 16:15:09,245 - RHS of #set statement is null. Context will not be modified. om/Control.vm [line 105, column 1]
2010-12-10 16:15:09,245 - RHS of #set statement is null. Context will not be modified. om/Control.vm [line 105, column 1]
2010-12-10 16:15:09,245 - RHS of #set statement is null. Context will not be modified. om/Control.vm [line 105, column 1]
2010-12-10 16:15:09,253 - Log4JLogChute initialized using file 'velocity.log'
2010-12-10 16:15:09,253 - Log4JLogChute initialized using file 'velocity.log'
2010-12-10 16:15:09,253 - Starting Apache Velocity v1.5 (compiled: 2007-02-22 08:52:29)
2010-12-10 16:15:09,253 - Starting Apache Velocity v1.5 (compiled: 2007-02-22 08:52:29)
2010-12-10 16:15:09,253 - Default Properties File: org/apache/velocity/runtime/defaults/velocity.properties
2010-12-10 16:15:09,253 - Default Properties File: org/apache/velocity/runtime/defaults/velocity.properties
2010-12-10 16:15:09,253 - Trying to use logger class org.apache.velocity.runtime.log.AvalonLogChute
2010-12-10 16:15:09,253 - Trying to use logger class org.apache.velocity.runtime.log.AvalonLogChute
2010-12-10 16:15:09,253 - Couldn't find class org.apache.velocity.runtime.log.AvalonLogChute or necessary supporting classes in classpath.
java.lang.NoClassDefFoundError: org/apache/log/format/Formatter
	at java.lang.Class.forName0(Native Method)
	at java.lang.Class.forName(Class.java:164)
	at org.apache.velocity.util.ClassUtils.getClass(ClassUtils.java:76)
	at org.apache.velocity.util.ClassUtils.getNewInstance(ClassUtils.java:95)
	at org.apache.velocity.runtime.log.LogManager.createLogChute(LogManager.java:147)
	at org.apache.velocity.runtime.log.LogManager.updateLog(LogManager.java:208)
	at org.apache.velocity.runtime.RuntimeInstance.initializeLog(RuntimeInstance.java:728)
	at org.apache.velocity.runtime.RuntimeInstance.init(RuntimeInstance.java:240)
	at org.apache.velocity.app.VelocityEngine.init(VelocityEngine.java:116)
	at org.apache.torque.task.TorqueDataModelTask.execute(TorqueDataModelTask.java:475)
	at org.apache.tools.ant.UnknownElement.execute(UnknownElement.java:291)
	at sun.reflect.GeneratedMethodAccessor15.invoke(Unknown Source)
	at sun.reflect.DelegatingMethodAccessorImpl.invoke(DelegatingMethodAccessorImpl.java:25)
	at java.lang.reflect.Method.invoke(Method.java:592)
	at org.apache.tools.ant.dispatch.DispatchUtils.execute(DispatchUtils.java:106)
	at org.apache.tools.ant.Task.perform(Task.java:348)
	at org.apache.tools.ant.Target.execute(Target.java:390)
	at org.apache.tools.ant.Target.performTasks(Target.java:411)
	at org.apache.tools.ant.Project.executeSortedTargets(Project.java:1397)
	at org.apache.tools.ant.helper.SingleCheckExecutor.executeTargets(SingleCheckExecutor.java:38)
	at org.apache.tools.ant.Project.executeTargets(Project.java:1249)
	at org.apache.tools.ant.taskdefs.Ant.execute(Ant.java:442)
	at org.apache.tools.ant.taskdefs.CallTarget.execute(CallTarget.java:105)
	at org.apache.tools.ant.UnknownElement.execute(UnknownElement.java:291)
	at sun.reflect.GeneratedMethodAccessor15.invoke(Unknown Source)
	at sun.reflect.DelegatingMethodAccessorImpl.invoke(DelegatingMethodAccessorImpl.java:25)
	at java.lang.reflect.Method.invoke(Method.java:592)
	at org.apache.tools.ant.dispatch.DispatchUtils.execute(DispatchUtils.java:106)
	at org.apache.tools.ant.Task.perform(Task.java:348)
	at org.apache.tools.ant.Target.execute(Target.java:390)
	at org.apache.tools.ant.Target.performTasks(Target.java:411)
	at org.apache.tools.ant.Project.executeSortedTargets(Project.java:1397)
	at org.apache.tools.ant.helper.SingleCheckExecutor.executeTargets(SingleCheckExecutor.java:38)
	at org.apache.tools.ant.Project.executeTargets(Project.java:1249)
	at org.apache.tools.ant.taskdefs.Ant.execute(Ant.java:442)
	at org.apache.tools.ant.taskdefs.CallTarget.execute(CallTarget.java:105)
	at org.apache.tools.ant.UnknownElement.execute(UnknownElement.java:291)
	at sun.reflect.NativeMethodAccessorImpl.invoke0(Native Method)
	at sun.reflect.NativeMethodAccessorImpl.invoke(NativeMethodAccessorImpl.java:39)
	at sun.reflect.DelegatingMethodAccessorImpl.invoke(DelegatingMethodAccessorImpl.java:25)
	at java.lang.reflect.Method.invoke(Method.java:592)
	at org.apache.tools.ant.dispatch.DispatchUtils.execute(DispatchUtils.java:106)
	at org.apache.tools.ant.Task.perform(Task.java:348)
	at org.apache.tools.ant.Target.execute(Target.java:390)
	at org.apache.tools.ant.Target.performTasks(Target.java:411)
	at org.apache.tools.ant.Project.executeSortedTargets(Project.java:1397)
	at org.apache.tools.ant.Project.executeTarget(Project.java:1366)
	at org.apache.tools.ant.helper.DefaultExecutor.executeTargets(DefaultExecutor.java:41)
	at org.apache.tools.ant.Project.executeTargets(Project.java:1249)
	at org.apache.tools.ant.Main.runBuild(Main.java:801)
	at org.apache.tools.ant.Main.startAnt(Main.java:218)
	at org.apache.tools.ant.launch.Launcher.run(Launcher.java:280)
	at org.apache.tools.ant.launch.Launcher.main(Launcher.java:109)
2010-12-10 16:15:09,253 - Couldn't find class org.apache.velocity.runtime.log.AvalonLogChute or necessary supporting classes in classpath.
java.lang.NoClassDefFoundError: org/apache/log/format/Formatter
	at java.lang.Class.forName0(Native Method)
	at java.lang.Class.forName(Class.java:164)
	at org.apache.velocity.util.ClassUtils.getClass(ClassUtils.java:76)
	at org.apache.velocity.util.ClassUtils.getNewInstance(ClassUtils.java:95)
	at org.apache.velocity.runtime.log.LogManager.createLogChute(LogManager.java:147)
	at org.apache.velocity.runtime.log.LogManager.updateLog(LogManager.java:208)
	at org.apache.velocity.runtime.RuntimeInstance.initializeLog(RuntimeInstance.java:728)
	at org.apache.velocity.runtime.RuntimeInstance.init(RuntimeInstance.java:240)
	at org.apache.velocity.app.VelocityEngine.init(VelocityEngine.java:116)
	at org.apache.torque.task.TorqueDataModelTask.execute(TorqueDataModelTask.java:475)
	at org.apache.tools.ant.UnknownElement.execute(UnknownElement.java:291)
	at sun.reflect.GeneratedMethodAccessor15.invoke(Unknown Source)
	at sun.reflect.DelegatingMethodAccessorImpl.invoke(DelegatingMethodAccessorImpl.java:25)
	at java.lang.reflect.Method.invoke(Method.java:592)
	at org.apache.tools.ant.dispatch.DispatchUtils.execute(DispatchUtils.java:106)
	at org.apache.tools.ant.Task.perform(Task.java:348)
	at org.apache.tools.ant.Target.execute(Target.java:390)
	at org.apache.tools.ant.Target.performTasks(Target.java:411)
	at org.apache.tools.ant.Project.executeSortedTargets(Project.java:1397)
	at org.apache.tools.ant.helper.SingleCheckExecutor.executeTargets(SingleCheckExecutor.java:38)
	at org.apache.tools.ant.Project.executeTargets(Project.java:1249)
	at org.apache.tools.ant.taskdefs.Ant.execute(Ant.java:442)
	at org.apache.tools.ant.taskdefs.CallTarget.execute(CallTarget.java:105)
	at org.apache.tools.ant.UnknownElement.execute(UnknownElement.java:291)
	at sun.reflect.GeneratedMethodAccessor15.invoke(Unknown Source)
	at sun.reflect.DelegatingMethodAccessorImpl.invoke(DelegatingMethodAccessorImpl.java:25)
	at java.lang.reflect.Method.invoke(Method.java:592)
	at org.apache.tools.ant.dispatch.DispatchUtils.execute(DispatchUtils.java:106)
	at org.apache.tools.ant.Task.perform(Task.java:348)
	at org.apache.tools.ant.Target.execute(Target.java:390)
	at org.apache.tools.ant.Target.performTasks(Target.java:411)
	at org.apache.tools.ant.Project.executeSortedTargets(Project.java:1397)
	at org.apache.tools.ant.helper.SingleCheckExecutor.executeTargets(SingleCheckExecutor.java:38)
	at org.apache.tools.ant.Project.executeTargets(Project.java:1249)
	at org.apache.tools.ant.taskdefs.Ant.execute(Ant.java:442)
	at org.apache.tools.ant.taskdefs.CallTarget.execute(CallTarget.java:105)
	at org.apache.tools.ant.UnknownElement.execute(UnknownElement.java:291)
	at sun.reflect.NativeMethodAccessorImpl.invoke0(Native Method)
	at sun.reflect.NativeMethodAccessorImpl.invoke(NativeMethodAccessorImpl.java:39)
	at sun.reflect.DelegatingMethodAccessorImpl.invoke(DelegatingMethodAccessorImpl.java:25)
	at java.lang.reflect.Method.invoke(Method.java:592)
	at org.apache.tools.ant.dispatch.DispatchUtils.execute(DispatchUtils.java:106)
	at org.apache.tools.ant.Task.perform(Task.java:348)
	at org.apache.tools.ant.Target.execute(Target.java:390)
	at org.apache.tools.ant.Target.performTasks(Target.java:411)
	at org.apache.tools.ant.Project.executeSortedTargets(Project.java:1397)
	at org.apache.tools.ant.Project.executeTarget(Project.java:1366)
	at org.apache.tools.ant.helper.DefaultExecutor.executeTargets(DefaultExecutor.java:41)
	at org.apache.tools.ant.Project.executeTargets(Project.java:1249)
	at org.apache.tools.ant.Main.runBuild(Main.java:801)
	at org.apache.tools.ant.Main.startAnt(Main.java:218)
	at org.apache.tools.ant.launch.Launcher.run(Launcher.java:280)
	at org.apache.tools.ant.launch.Launcher.main(Launcher.java:109)
2010-12-10 16:15:09,253 - Trying to use logger class org.apache.velocity.runtime.log.Log4JLogChute
2010-12-10 16:15:09,253 - Trying to use logger class org.apache.velocity.runtime.log.Log4JLogChute
2010-12-10 16:15:09,253 - Using logger class org.apache.velocity.runtime.log.Log4JLogChute
2010-12-10 16:15:09,253 - Using logger class org.apache.velocity.runtime.log.Log4JLogChute
2010-12-10 16:15:09,254 - Default ResourceManager initializing. (class org.apache.velocity.runtime.resource.ResourceManagerImpl)
2010-12-10 16:15:09,254 - Default ResourceManager initializing. (class org.apache.velocity.runtime.resource.ResourceManagerImpl)
2010-12-10 16:15:09,254 - ResourceCache: initialized (class org.apache.velocity.runtime.resource.ResourceCacheImpl)
2010-12-10 16:15:09,254 - ResourceCache: initialized (class org.apache.velocity.runtime.resource.ResourceCacheImpl)
2010-12-10 16:15:09,255 - Loaded System Directive: org.apache.velocity.runtime.directive.Literal
2010-12-10 16:15:09,255 - Loaded System Directive: org.apache.velocity.runtime.directive.Literal
2010-12-10 16:15:09,255 - Loaded System Directive: org.apache.velocity.runtime.directive.Macro
2010-12-10 16:15:09,255 - Loaded System Directive: org.apache.velocity.runtime.directive.Macro
2010-12-10 16:15:09,255 - Loaded System Directive: org.apache.velocity.runtime.directive.Parse
2010-12-10 16:15:09,255 - Loaded System Directive: org.apache.velocity.runtime.directive.Parse
2010-12-10 16:15:09,255 - Loaded System Directive: org.apache.velocity.runtime.directive.Include
2010-12-10 16:15:09,255 - Loaded System Directive: org.apache.velocity.runtime.directive.Include
2010-12-10 16:15:09,256 - Loaded System Directive: org.apache.velocity.runtime.directive.Foreach
2010-12-10 16:15:09,256 - Loaded System Directive: org.apache.velocity.runtime.directive.Foreach
2010-12-10 16:15:09,261 - Created '20' parsers.
2010-12-10 16:15:09,261 - Created '20' parsers.
2010-12-10 16:15:09,262 - Velocimacro : "velocimacro.library" is not set.  Trying default library: VM_global_library.vm
2010-12-10 16:15:09,262 - Velocimacro : "velocimacro.library" is not set.  Trying default library: VM_global_library.vm
2010-12-10 16:15:09,262 - Velocimacro : Default library not found.
2010-12-10 16:15:09,262 - Velocimacro : Default library not found.
2010-12-10 16:15:09,262 - Velocimacro : allowInline = true : VMs can be defined inline in templates
2010-12-10 16:15:09,262 - Velocimacro : allowInline = true : VMs can be defined inline in templates
2010-12-10 16:15:09,262 - Velocimacro : allowInlineToOverride = false : VMs defined inline may NOT replace previous VM definitions
2010-12-10 16:15:09,262 - Velocimacro : allowInlineToOverride = false : VMs defined inline may NOT replace previous VM definitions
2010-12-10 16:15:09,262 - Velocimacro : allowInlineLocal = false : VMs defined inline will be global in scope if allowed.
2010-12-10 16:15:09,262 - Velocimacro : allowInlineLocal = false : VMs defined inline will be global in scope if allowed.
2010-12-10 16:15:09,262 - Velocimacro : autoload off : VM system will not automatically reload global library macros
2010-12-10 16:15:09,262 - Velocimacro : autoload off : VM system will not automatically reload global library macros
2010-12-10 16:15:09,313 - ResourceManager : found om/ControlBase.vm with loader org.apache.velocity.runtime.resource.ResourceCacheImpl
2010-12-10 16:15:09,313 - ResourceManager : found om/ControlBase.vm with loader org.apache.velocity.runtime.resource.ResourceCacheImpl
2010-12-10 16:15:09,384 - ResourceManager : found om/Peer.vm with loader org.apache.velocity.runtime.resource.ResourceCacheImpl
2010-12-10 16:15:09,384 - ResourceManager : found om/Peer.vm with loader org.apache.velocity.runtime.resource.ResourceCacheImpl
2010-12-10 16:15:09,407 - ResourceManager : found om/MapBuilder.vm with loader org.apache.velocity.runtime.resource.ResourceCacheImpl
2010-12-10 16:15:09,407 - ResourceManager : found om/MapBuilder.vm with loader org.apache.velocity.runtime.resource.ResourceCacheImpl
2010-12-10 16:15:09,524 - ResourceManager : found om/Object.vm with loader org.apache.velocity.runtime.resource.ResourceCacheImpl
2010-12-10 16:15:09,524 - ResourceManager : found om/Object.vm with loader org.apache.velocity.runtime.resource.ResourceCacheImpl
2010-12-10 16:15:09,537 - RHS of #set statement is null. Context will not be modified. om/Object.vm [line 1901, column 1]
2010-12-10 16:15:09,537 - RHS of #set statement is null. Context will not be modified. om/Object.vm [line 1901, column 1]
2010-12-10 16:15:09,537 - RHS of #set statement is null. Context will not be modified. om/Object.vm [line 1986, column 1]
2010-12-10 16:15:09,537 - RHS of #set statement is null. Context will not be modified. om/Object.vm [line 1986, column 1]
2010-12-10 16:15:09,571 - ResourceManager : found om/Peer.vm with loader org.apache.velocity.runtime.resource.ResourceCacheImpl
2010-12-10 16:15:09,571 - ResourceManager : found om/Peer.vm with loader org.apache.velocity.runtime.resource.ResourceCacheImpl
2010-12-10 16:15:09,586 - ResourceManager : found om/MapBuilder.vm with loader org.apache.velocity.runtime.resource.ResourceCacheImpl
2010-12-10 16:15:09,586 - ResourceManager : found om/MapBuilder.vm with loader org.apache.velocity.runtime.resource.ResourceCacheImpl
2010-12-10 16:15:09,651 - ResourceManager : found om/Object.vm with loader org.apache.velocity.runtime.resource.ResourceCacheImpl
2010-12-10 16:15:09,651 - ResourceManager : found om/Object.vm with loader org.apache.velocity.runtime.resource.ResourceCacheImpl
2010-12-10 16:15:09,660 - RHS of #set statement is null. Context will not be modified. om/Object.vm [line 1901, column 1]
2010-12-10 16:15:09,660 - RHS of #set statement is null. Context will not be modified. om/Object.vm [line 1901, column 1]
2010-12-10 16:15:09,660 - RHS of #set statement is null. Context will not be modified. om/Object.vm [line 1986, column 1]
2010-12-10 16:15:09,660 - RHS of #set statement is null. Context will not be modified. om/Object.vm [line 1986, column 1]
2010-12-10 16:15:09,694 - ResourceManager : found om/Peer.vm with loader org.apache.velocity.runtime.resource.ResourceCacheImpl
2010-12-10 16:15:09,694 - ResourceManager : found om/Peer.vm with loader org.apache.velocity.runtime.resource.ResourceCacheImpl
2010-12-10 16:15:09,706 - ResourceManager : found om/MapBuilder.vm with loader org.apache.velocity.runtime.resource.ResourceCacheImpl
2010-12-10 16:15:09,706 - ResourceManager : found om/MapBuilder.vm with loader org.apache.velocity.runtime.resource.ResourceCacheImpl
2010-12-10 16:15:09,760 - ResourceManager : found om/Object.vm with loader org.apache.velocity.runtime.resource.ResourceCacheImpl
2010-12-10 16:15:09,760 - ResourceManager : found om/Object.vm with loader org.apache.velocity.runtime.resource.ResourceCacheImpl
2010-12-10 16:15:09,764 - RHS of #set statement is null. Context will not be modified. om/Object.vm [line 365, column 1]
2010-12-10 16:15:09,764 - RHS of #set statement is null. Context will not be modified. om/Object.vm [line 365, column 1]
2010-12-10 16:15:09,767 - RHS of #set statement is null. Context will not be modified. om/Object.vm [line 365, column 1]
2010-12-10 16:15:09,767 - RHS of #set statement is null. Context will not be modified. om/Object.vm [line 365, column 1]
2010-12-10 16:15:09,774 - RHS of #set statement is null. Context will not be modified. om/Object.vm [line 1901, column 1]
2010-12-10 16:15:09,774 - RHS of #set statement is null. Context will not be modified. om/Object.vm [line 1901, column 1]
2010-12-10 16:15:09,775 - RHS of #set statement is null. Context will not be modified. om/Object.vm [line 1986, column 1]
2010-12-10 16:15:09,775 - RHS of #set statement is null. Context will not be modified. om/Object.vm [line 1986, column 1]
2010-12-10 16:15:09,806 - ResourceManager : found om/Peer.vm with loader org.apache.velocity.runtime.resource.ResourceCacheImpl
2010-12-10 16:15:09,806 - ResourceManager : found om/Peer.vm with loader org.apache.velocity.runtime.resource.ResourceCacheImpl
2010-12-10 16:15:09,815 - ResourceManager : found om/MapBuilder.vm with loader org.apache.velocity.runtime.resource.ResourceCacheImpl
2010-12-10 16:15:09,815 - ResourceManager : found om/MapBuilder.vm with loader org.apache.velocity.runtime.resource.ResourceCacheImpl
2010-12-10 16:15:09,928 - ResourceManager : found om/Object.vm with loader org.apache.velocity.runtime.resource.ResourceCacheImpl
2010-12-10 16:15:09,928 - ResourceManager : found om/Object.vm with loader org.apache.velocity.runtime.resource.ResourceCacheImpl
2010-12-10 16:15:09,934 - RHS of #set statement is null. Context will not be modified. om/Object.vm [line 1901, column 1]
2010-12-10 16:15:09,934 - RHS of #set statement is null. Context will not be modified. om/Object.vm [line 1901, column 1]
2010-12-10 16:15:09,935 - RHS of #set statement is null. Context will not be modified. om/Object.vm [line 1986, column 1]
2010-12-10 16:15:09,935 - RHS of #set statement is null. Context will not be modified. om/Object.vm [line 1986, column 1]
2010-12-10 16:15:09,967 - ResourceManager : found om/Peer.vm with loader org.apache.velocity.runtime.resource.ResourceCacheImpl
2010-12-10 16:15:09,967 - ResourceManager : found om/Peer.vm with loader org.apache.velocity.runtime.resource.ResourceCacheImpl
2010-12-10 16:15:09,979 - ResourceManager : found om/MapBuilder.vm with loader org.apache.velocity.runtime.resource.ResourceCacheImpl
2010-12-10 16:15:09,979 - ResourceManager : found om/MapBuilder.vm with loader org.apache.velocity.runtime.resource.ResourceCacheImpl
2010-12-10 16:15:10,028 - ResourceManager : found om/Object.vm with loader org.apache.velocity.runtime.resource.ResourceCacheImpl
2010-12-10 16:15:10,028 - ResourceManager : found om/Object.vm with loader org.apache.velocity.runtime.resource.ResourceCacheImpl
2010-12-10 16:15:10,030 - RHS of #set statement is null. Context will not be modified. om/Object.vm [line 365, column 1]
2010-12-10 16:15:10,030 - RHS of #set statement is null. Context will not be modified. om/Object.vm [line 365, column 1]
2010-12-10 16:15:10,031 - RHS of #set statement is null. Context will not be modified. om/Object.vm [line 365, column 1]
2010-12-10 16:15:10,031 - RHS of #set statement is null. Context will not be modified. om/Object.vm [line 365, column 1]
2010-12-10 16:15:10,033 - RHS of #set statement is null. Context will not be modified. om/Object.vm [line 1901, column 1]
2010-12-10 16:15:10,033 - RHS of #set statement is null. Context will not be modified. om/Object.vm [line 1901, column 1]
2010-12-10 16:15:10,033 - RHS of #set statement is null. Context will not be modified. om/Object.vm [line 1901, column 1]
2010-12-10 16:15:10,033 - RHS of #set statement is null. Context will not be modified. om/Object.vm [line 1901, column 1]
2010-12-10 16:15:10,036 - RHS of #set statement is null. Context will not be modified. om/Object.vm [line 1986, column 1]
2010-12-10 16:15:10,036 - RHS of #set statement is null. Context will not be modified. om/Object.vm [line 1986, column 1]
2010-12-10 16:15:10,036 - RHS of #set statement is null. Context will not be modified. om/Object.vm [line 1986, column 1]
2010-12-10 16:15:10,036 - RHS of #set statement is null. Context will not be modified. om/Object.vm [line 1986, column 1]
2010-12-10 16:15:10,038 - ResourceManager : found om/DatabaseMapInit.vm with loader org.apache.velocity.runtime.resource.ResourceCacheImpl
2010-12-10 16:15:10,038 - ResourceManager : found om/DatabaseMapInit.vm with loader org.apache.velocity.runtime.resource.ResourceCacheImpl
2010-12-14 17:38:47,060 - Log4JLogChute initialized using file 'velocity.log'
2010-12-14 17:38:47,060 - Starting Apache Velocity v1.5 (compiled: 2007-02-22 08:52:29)
2010-12-14 17:38:47,060 - Default Properties File: org\apache\velocity\runtime\defaults\velocity.properties
2010-12-14 17:38:47,060 - Trying to use logger class org.apache.velocity.runtime.log.AvalonLogChute
2010-12-14 17:38:47,060 - Couldn't find class org.apache.velocity.runtime.log.AvalonLogChute or necessary supporting classes in classpath.
java.lang.NoClassDefFoundError: org/apache/log/format/Formatter
	at java.lang.Class.forName0(Native Method)
	at java.lang.Class.forName(Unknown Source)
	at org.apache.velocity.util.ClassUtils.getClass(ClassUtils.java:76)
	at org.apache.velocity.util.ClassUtils.getNewInstance(ClassUtils.java:95)
	at org.apache.velocity.runtime.log.LogManager.createLogChute(LogManager.java:147)
	at org.apache.velocity.runtime.log.LogManager.updateLog(LogManager.java:208)
	at org.apache.velocity.runtime.RuntimeInstance.initializeLog(RuntimeInstance.java:728)
	at org.apache.velocity.runtime.RuntimeInstance.init(RuntimeInstance.java:240)
	at org.apache.velocity.app.VelocityEngine.init(VelocityEngine.java:116)
	at org.apache.torque.task.TorqueDataModelTask.execute(TorqueDataModelTask.java:475)
	at org.apache.tools.ant.UnknownElement.execute(UnknownElement.java:291)
	at sun.reflect.GeneratedMethodAccessor4.invoke(Unknown Source)
	at sun.reflect.DelegatingMethodAccessorImpl.invoke(Unknown Source)
	at java.lang.reflect.Method.invoke(Unknown Source)
	at org.apache.tools.ant.dispatch.DispatchUtils.execute(DispatchUtils.java:106)
	at org.apache.tools.ant.Task.perform(Task.java:348)
	at org.apache.tools.ant.Target.execute(Target.java:390)
	at org.apache.tools.ant.Target.performTasks(Target.java:411)
	at org.apache.tools.ant.Project.executeSortedTargets(Project.java:1397)
	at org.apache.tools.ant.Project.executeTarget(Project.java:1366)
	at org.apache.tools.ant.helper.DefaultExecutor.executeTargets(DefaultExecutor.java:41)
	at org.apache.tools.ant.Project.executeTargets(Project.java:1249)
	at org.apache.tools.ant.Main.runBuild(Main.java:801)
	at org.apache.tools.ant.Main.startAnt(Main.java:218)
	at org.apache.tools.ant.launch.Launcher.run(Launcher.java:280)
	at org.apache.tools.ant.launch.Launcher.main(Launcher.java:109)
Caused by: java.lang.ClassNotFoundException: org.apache.log.format.Formatter
	at org.apache.tools.ant.AntClassLoader.findClassInComponents(AntClassLoader.java:1361)
	at org.apache.tools.ant.AntClassLoader.findClass(AntClassLoader.java:1311)
	at org.apache.tools.ant.AntClassLoader.loadClass(AntClassLoader.java:1064)
	at java.lang.ClassLoader.loadClass(Unknown Source)
	... 26 more
2010-12-14 17:38:47,060 - Trying to use logger class org.apache.velocity.runtime.log.Log4JLogChute
2010-12-14 17:38:47,060 - Using logger class org.apache.velocity.runtime.log.Log4JLogChute
2010-12-14 17:38:47,060 - Default ResourceManager initializing. (class org.apache.velocity.runtime.resource.ResourceManagerImpl)
2010-12-14 17:38:47,060 - Do unicode file recognition:  false
2010-12-14 17:38:47,060 - FileResourceLoader : adding path 'C:\Users\Michael\Documents\NetBeansProjects\GestionNotesAbsence\torque-gen-3.3\templates'
2010-12-14 17:38:47,092 - ResourceCache: initialized (class org.apache.velocity.runtime.resource.ResourceCacheImpl)
2010-12-14 17:38:47,092 - Loaded System Directive: org.apache.velocity.runtime.directive.Literal
2010-12-14 17:38:47,092 - Loaded System Directive: org.apache.velocity.runtime.directive.Macro
2010-12-14 17:38:47,092 - Loaded System Directive: org.apache.velocity.runtime.directive.Parse
2010-12-14 17:38:47,092 - Loaded System Directive: org.apache.velocity.runtime.directive.Include
2010-12-14 17:38:47,092 - Loaded System Directive: org.apache.velocity.runtime.directive.Foreach
2010-12-14 17:38:47,138 - Created '20' parsers.
2010-12-14 17:38:47,154 - Velocimacro : "velocimacro.library" is not set.  Trying default library: VM_global_library.vm
2010-12-14 17:38:47,154 - Velocimacro : Default library not found.
2010-12-14 17:38:47,154 - Velocimacro : allowInline = true : VMs can be defined inline in templates
2010-12-14 17:38:47,154 - Velocimacro : allowInlineToOverride = false : VMs defined inline may NOT replace previous VM definitions
2010-12-14 17:38:47,154 - Velocimacro : allowInlineLocal = false : VMs defined inline will be global in scope if allowed.
2010-12-14 17:38:47,154 - Velocimacro : autoload off : VM system will not automatically reload global library macros
2010-12-14 17:38:47,263 - ResourceManager : found sql/db-init/Control.vm with loader org.apache.velocity.runtime.resource.ResourceCacheImpl
2010-12-14 17:38:47,294 - ResourceManager : found sql/db-init/mysql/createdb.vm with loader org.apache.velocity.runtime.resource.ResourceCacheImpl
